<?xml version="1.0" encoding="UTF-8"?>
<!-- Generated by org.testng.reporters.JUnitXMLReporter -->
<testsuite hostname="i7" ignored="0" name="Default test" tests="4" failures="0" timestamp="03 Sep 2018 17:31:28 GMT" time="0.122" errors="0">
  <testcase name="testFindOrder" time="0.048" classname="testNGPackage.TestOrder"/>
  <testcase name="testMakeEmptyOrder" time="0.002" classname="testNGPackage.TestOrder"/>
  <testcase name="testMakeOrder" time="0.002" classname="testNGPackage.TestOrder"/>
  <testcase name="testUpdateOrder" time="0.004" classname="testNGPackage.TestOrder"/>
</testsuite> <!-- Default test -->
