<?xml version="1.0" encoding="UTF-8"?>
<!-- Generated by org.testng.reporters.JUnitXMLReporter -->
<testsuite hostname="i7" ignored="0" name="Regression 1" tests="4" failures="0" timestamp="03 Sep 2018 18:37:28 GMT" time="0.041" errors="0">
  <testcase name="testConnectMongoDB" time="0.004" classname="testNGPackage.TestDatabase"/>
  <testcase name="testConnectMsSQL" time="0.001" classname="testNGPackage.TestDatabase"/>
  <testcase name="testConnectMySQL" time="0.002" classname="testNGPackage.TestDatabase"/>
  <testcase name="testConnectOracle" time="0.001" classname="testNGPackage.TestDatabase"/>
</testsuite> <!-- Regression 1 -->
