<?xml version="1.0" encoding="UTF-8"?>
<!-- Generated by org.testng.reporters.JUnitXMLReporter -->
<testsuite hostname="i7" ignored="1" name="database" tests="3" failures="0" timestamp="03 Sep 2018 17:51:44 GMT" time="0.049" errors="0">
  <testcase name="testConnectMsSQL" time="0.019" classname="testNGPackage.TestDatabase"/>
  <testcase name="testConnectMySQL" time="0.001" classname="testNGPackage.TestDatabase"/>
  <testcase name="testConnectOracle" time="0.002" classname="testNGPackage.TestDatabase"/>
  <testcase name="testConnectMongoDB" time="0.0" classname="testNGPackage.TestDatabase">
    <ignored/>
  </testcase> <!-- testConnectMongoDB -->
</testsuite> <!-- database -->
